#
# There is insufficient memory for the Java Runtime Environment to continue.
# Native memory allocation (malloc) failed to allocate 1051216 bytes for Chunk::new
# Possible reasons:
#   The system is out of physical RAM or swap space
#   The process is running with CompressedOops enabled, and the Java Heap may be blocking the growth of the native heap
# Possible solutions:
#   Reduce memory load on the system
#   Increase physical memory or swap space
#   Check if swap backing store is full
#   Decrease Java heap size (-Xmx/-Xms)
#   Decrease number of Java threads
#   Decrease Java thread stack sizes (-Xss)
#   Set larger code cache with -XX:ReservedCodeCacheSize=
#   JVM is running with Unscaled Compressed Oops mode in which the Java heap is
#     placed in the first 4GB address space. The Java Heap base address is the
#     maximum limit for the native heap growth. Please use -XX:HeapBaseMinAddress
#     to set the Java Heap base and to place the Java Heap above 4GB virtual address.
# This output file may be truncated or incomplete.
#
#  Out of Memory Error (./open/src/hotspot/share/memory/arena.cpp:197), pid=16928, tid=5028
#
# JRE version: Java(TM) SE Runtime Environment 18.9 (11.0.7+8) (build 11.0.7+8-LTS)
# Java VM: Java HotSpot(TM) 64-Bit Server VM 18.9 (11.0.7+8-LTS, mixed mode, tiered, compressed oops, g1 gc, windows-amd64)
# No core dump will be written. Minidumps are not enabled by default on client versions of Windows
#

---------------  S U M M A R Y ------------

Command Line: -XX:MaxMetaspaceSize=512m --add-opens=java.base/java.util=ALL-UNNAMED --add-opens=java.base/java.lang=ALL-UNNAMED --add-opens=java.base/java.lang.invoke=ALL-UNNAMED --add-opens=java.base/java.util=ALL-UNNAMED --add-opens=java.prefs/java.util.prefs=ALL-UNNAMED --add-opens=java.prefs/java.util.prefs=ALL-UNNAMED --add-opens=java.base/java.nio.charset=ALL-UNNAMED --add-opens=java.base/java.net=ALL-UNNAMED --add-opens=java.base/java.util.concurrent.atomic=ALL-UNNAMED -Xmx2048m -Dfile.encoding=windows-1252 -Duser.country=US -Duser.language=en -Duser.variant org.gradle.launcher.daemon.bootstrap.GradleDaemon 7.3.3

Host: Intel(R) Core(TM) i3-1005G1 CPU @ 1.20GHz, 4 cores, 3G,  Windows 10 , 64 bit Build 22000 (10.0.22000.708)
Time: Wed Oct 19 12:49:02 2022 SE Asia Standard Time elapsed time: 96 seconds (0d 0h 1m 36s)

---------------  T H R E A D  ---------------

Current thread (0x0000022da141d000):  JavaThread "C2 CompilerThread0" daemon [_thread_in_native, id=5028, stack(0x0000007a98200000,0x0000007a98300000)]


Current CompileTask:
C2:  96162 3275       4       java.util.regex.Pattern::compile (498 bytes)

Stack: [0x0000007a98200000,0x0000007a98300000]
Native frames: (J=compiled Java code, j=interpreted, Vv=VM code, C=native code)
V  [jvm.dll+0x661a7a]
V  [jvm.dll+0x7a1b2f]
V  [jvm.dll+0x7a31d5]
V  [jvm.dll+0x7a3843]
V  [jvm.dll+0x25f1a8]
V  [jvm.dll+0xc2441]
V  [jvm.dll+0xc29cc]
V  [jvm.dll+0x36fce2]
V  [jvm.dll+0x33c793]
V  [jvm.dll+0x33bb6a]
V  [jvm.dll+0x2186e5]
V  [jvm.dll+0x21788a]
V  [jvm.dll+0x19407c]
V  [jvm.dll+0x226c74]
V  [jvm.dll+0x224e98]
V  [jvm.dll+0x765e25]
V  [jvm.dll+0x75e875]
V  [jvm.dll+0x660b26]
C  [ucrtbase.dll+0x26c0c]
C  [KERNEL32.DLL+0x154e0]
C  [ntdll.dll+0x485b]


---------------  P R O C E S S  ---------------

Threads class SMR info:
_java_thread_list=0x0000022da577fe40, length=30, elements={
0x0000022d8079c000, 0x0000022da13af800, 0x0000022da13b9800, 0x0000022da1417800,
0x0000022da141a800, 0x0000022da141d000, 0x0000022da141f800, 0x0000022da1433000,
0x0000022da169a000, 0x0000022da16ad800, 0x0000022da2460800, 0x0000022da29f2000,
0x0000022da2bdf000, 0x0000022da2bdb800, 0x0000022da2bdc000, 0x0000022da28e2000,
0x0000022da237c000, 0x0000022da2d93000, 0x0000022da2d94000, 0x0000022da2159800,
0x0000022da2159000, 0x0000022da2157000, 0x0000022da2155800, 0x0000022da2158000,
0x0000022da215a800, 0x0000022da2156800, 0x0000022da215c000, 0x0000022da215b800,
0x0000022da5b08800, 0x0000022da5b0c800
}

Java Threads: ( => current thread )
  0x0000022d8079c000 JavaThread "main" [_thread_blocked, id=11496, stack(0x0000007a97700000,0x0000007a97800000)]
  0x0000022da13af800 JavaThread "Reference Handler" daemon [_thread_blocked, id=12860, stack(0x0000007a97e00000,0x0000007a97f00000)]
  0x0000022da13b9800 JavaThread "Finalizer" daemon [_thread_blocked, id=14704, stack(0x0000007a97f00000,0x0000007a98000000)]
  0x0000022da1417800 JavaThread "Signal Dispatcher" daemon [_thread_blocked, id=11896, stack(0x0000007a98000000,0x0000007a98100000)]
  0x0000022da141a800 JavaThread "Attach Listener" daemon [_thread_blocked, id=12712, stack(0x0000007a98100000,0x0000007a98200000)]
=>0x0000022da141d000 JavaThread "C2 CompilerThread0" daemon [_thread_in_native, id=5028, stack(0x0000007a98200000,0x0000007a98300000)]
  0x0000022da141f800 JavaThread "C1 CompilerThread0" daemon [_thread_blocked, id=4200, stack(0x0000007a98300000,0x0000007a98400000)]
  0x0000022da1433000 JavaThread "Sweeper thread" daemon [_thread_blocked, id=16544, stack(0x0000007a98400000,0x0000007a98500000)]
  0x0000022da169a000 JavaThread "Common-Cleaner" daemon [_thread_blocked, id=4628, stack(0x0000007a98500000,0x0000007a98600000)]
  0x0000022da16ad800 JavaThread "Service Thread" daemon [_thread_blocked, id=18864, stack(0x0000007a98600000,0x0000007a98700000)]
  0x0000022da2460800 JavaThread "Daemon health stats" [_thread_blocked, id=4288, stack(0x0000007a97500000,0x0000007a97600000)]
  0x0000022da29f2000 JavaThread "Incoming local TCP Connector on port 54159" [_thread_in_native, id=15216, stack(0x0000007a98a00000,0x0000007a98b00000)]
  0x0000022da2bdf000 JavaThread "Daemon periodic checks" [_thread_blocked, id=7412, stack(0x0000007a98b00000,0x0000007a98c00000)]
  0x0000022da2bdb800 JavaThread "Daemon" [_thread_blocked, id=16476, stack(0x0000007a98c00000,0x0000007a98d00000)]
  0x0000022da2bdc000 JavaThread "Handler for socket connection from /127.0.0.1:54159 to /127.0.0.1:54162" [_thread_in_native, id=12760, stack(0x0000007a98d00000,0x0000007a98e00000)]
  0x0000022da28e2000 JavaThread "Cancel handler" [_thread_blocked, id=4612, stack(0x0000007a98e00000,0x0000007a98f00000)]
  0x0000022da237c000 JavaThread "Daemon worker" [_thread_in_Java, id=14448, stack(0x0000007a98f00000,0x0000007a99000000)]
  0x0000022da2d93000 JavaThread "Asynchronous log dispatcher for DefaultDaemonConnection: socket connection from /127.0.0.1:54159 to /127.0.0.1:54162" [_thread_blocked, id=12312, stack(0x0000007a99000000,0x0000007a99100000)]
  0x0000022da2d94000 JavaThread "Stdin handler" [_thread_blocked, id=3740, stack(0x0000007a99100000,0x0000007a99200000)]
  0x0000022da2159800 JavaThread "Daemon client event forwarder" [_thread_blocked, id=10512, stack(0x0000007a99200000,0x0000007a99300000)]
  0x0000022da2159000 JavaThread "Cache worker for journal cache (C:\Users\User\.gradle\caches\journal-1)" [_thread_blocked, id=5180, stack(0x0000007a99500000,0x0000007a99600000)]
  0x0000022da2157000 JavaThread "File lock request listener" [_thread_in_native, id=1224, stack(0x0000007a99600000,0x0000007a99700000)]
  0x0000022da2155800 JavaThread "Cache worker for file hash cache (C:\Users\User\.gradle\caches\7.3.3\fileHashes)" [_thread_blocked, id=19872, stack(0x0000007a99700000,0x0000007a99800000)]
  0x0000022da2158000 JavaThread "Cache worker for file hash cache (D:\mobile\AppReactNative\android\.gradle\7.3.3\fileHashes)" [_thread_blocked, id=20576, stack(0x0000007a99800000,0x0000007a99900000)]
  0x0000022da215a800 JavaThread "File watcher server" daemon [_thread_in_native, id=20828, stack(0x0000007a99900000,0x0000007a99a00000)]
  0x0000022da2156800 JavaThread "File watcher consumer" daemon [_thread_blocked, id=20844, stack(0x0000007a99a00000,0x0000007a99b00000)]
  0x0000022da215c000 JavaThread "Cache worker for checksums cache (D:\mobile\AppReactNative\android\.gradle\7.3.3\checksums)" [_thread_blocked, id=20948, stack(0x0000007a99b00000,0x0000007a99c00000)]
  0x0000022da215b800 JavaThread "Cache worker for cache directory md-supplier (C:\Users\User\.gradle\caches\7.3.3\md-supplier)" [_thread_blocked, id=20976, stack(0x0000007a99c00000,0x0000007a99d00000)]
  0x0000022da5b08800 JavaThread "Cache worker for cache directory md-rule (C:\Users\User\.gradle\caches\7.3.3\md-rule)" [_thread_blocked, id=21048, stack(0x0000007a99d00000,0x0000007a99e00000)]
  0x0000022da5b0c800 JavaThread "Cache worker for execution history cache (C:\Users\User\.gradle\caches\7.3.3\executionHistory)" [_thread_blocked, id=21096, stack(0x0000007a99e00000,0x0000007a99f00000)]

Other Threads:
  0x0000022da13a8800 VMThread "VM Thread" [stack: 0x0000007a97d00000,0x0000007a97e00000] [id=2604]
  0x0000022da16b3000 WatcherThread [stack: 0x0000007a98700000,0x0000007a98800000] [id=6152]
  0x0000022d807aa800 GCTaskThread "GC Thread#0" [stack: 0x0000007a97800000,0x0000007a97900000] [id=20000]
  0x0000022da1b12800 GCTaskThread "GC Thread#1" [stack: 0x0000007a98800000,0x0000007a98900000] [id=16280]
  0x0000022da17ba800 GCTaskThread "GC Thread#2" [stack: 0x0000007a99300000,0x0000007a99400000] [id=1484]
  0x0000022da2c09800 GCTaskThread "GC Thread#3" [stack: 0x0000007a99400000,0x0000007a99500000] [id=16944]
  0x0000022d807db000 ConcurrentGCThread "G1 Main Marker" [stack: 0x0000007a97900000,0x0000007a97a00000] [id=2040]
  0x0000022d807dd800 ConcurrentGCThread "G1 Conc#0" [stack: 0x0000007a97a00000,0x0000007a97b00000] [id=4184]
  0x0000022d80825000 ConcurrentGCThread "G1 Refine#0" [stack: 0x0000007a97b00000,0x0000007a97c00000] [id=5892]
  0x0000022d8082a800 ConcurrentGCThread "G1 Young RemSet Sampling" [stack: 0x0000007a97c00000,0x0000007a97d00000] [id=11648]

Threads with active compile tasks:
C2 CompilerThread03275       4       java.util.regex.Pattern::compile (498 bytes)

VM state:not at safepoint (normal execution)

VM Mutex/Monitor currently owned by a thread: None

Heap address: 0x0000000080000000, size: 2048 MB, Compressed Oops mode: 32-bit
Narrow klass base: 0x0000000000000000, Narrow klass shift: 3
Compressed class space size: 528482304 Address: 0x0000000100000000

Heap:
 garbage-first heap   total 61440K, used 26919K [0x0000000080000000, 0x0000000100000000)
  region size 1024K, 6 young (6144K), 4 survivors (4096K)
 Metaspace       used 36909K, capacity 37741K, committed 38012K, reserved 550912K
  class space    used 4704K, capacity 5018K, committed 5120K, reserved 516096K
Heap Regions: E=young(eden), S=young(survivor), O=old, HS=humongous(starts), HC=humongous(continues), CS=collection set, F=free, A=archive, TAMS=top-at-mark-start (previous, next)
|   0|0x0000000080000000, 0x0000000080100000, 0x0000000080100000|100%| O|  |TAMS 0x0000000080100000, 0x0000000080000000| Untracked 
|   1|0x0000000080100000, 0x0000000080200000, 0x0000000080200000|100%| O|  |TAMS 0x0000000080200000, 0x0000000080100000| Untracked 
|   2|0x0000000080200000, 0x0000000080300000, 0x0000000080300000|100%| O|  |TAMS 0x0000000080300000, 0x0000000080200000| Untracked 
|   3|0x0000000080300000, 0x0000000080400000, 0x0000000080400000|100%|HS|  |TAMS 0x0000000080400000, 0x0000000080300000| Complete 
|   4|0x0000000080400000, 0x0000000080500000, 0x0000000080500000|100%|HC|  |TAMS 0x0000000080500000, 0x0000000080400000| Complete 
|   5|0x0000000080500000, 0x0000000080600000, 0x0000000080600000|100%|HC|  |TAMS 0x0000000080600000, 0x0000000080500000| Complete 
|   6|0x0000000080600000, 0x0000000080700000, 0x0000000080700000|100%| O|  |TAMS 0x0000000080700000, 0x0000000080600000| Untracked 
|   7|0x0000000080700000, 0x0000000080800000, 0x0000000080800000|100%| O|  |TAMS 0x0000000080800000, 0x0000000080700000| Untracked 
|   8|0x0000000080800000, 0x0000000080900000, 0x0000000080900000|100%| O|  |TAMS 0x0000000080900000, 0x0000000080800000| Untracked 
|   9|0x0000000080900000, 0x0000000080a00000, 0x0000000080a00000|100%| O|  |TAMS 0x0000000080a00000, 0x0000000080900000| Untracked 
|  10|0x0000000080a00000, 0x0000000080b00000, 0x0000000080b00000|100%| O|  |TAMS 0x0000000080b00000, 0x0000000080a00000| Untracked 
|  11|0x0000000080b00000, 0x0000000080c00000, 0x0000000080c00000|100%| O|  |TAMS 0x0000000080c00000, 0x0000000080b00000| Untracked 
|  12|0x0000000080c00000, 0x0000000080d00000, 0x0000000080d00000|100%| O|  |TAMS 0x0000000080d00000, 0x0000000080c00000| Untracked 
|  13|0x0000000080d00000, 0x0000000080e00000, 0x0000000080e00000|100%| O|  |TAMS 0x0000000080e00000, 0x0000000080d00000| Untracked 
|  14|0x0000000080e00000, 0x0000000080f00000, 0x0000000080f00000|100%| O|  |TAMS 0x0000000080f00000, 0x0000000080e00000| Untracked 
|  15|0x0000000080f00000, 0x0000000081000000, 0x0000000081000000|100%| O|  |TAMS 0x0000000081000000, 0x0000000080f00000| Untracked 
|  16|0x0000000081000000, 0x0000000081100000, 0x0000000081100000|100%| O|  |TAMS 0x0000000081100000, 0x0000000081000000| Untracked 
|  17|0x0000000081100000, 0x0000000081200000, 0x0000000081200000|100%| O|  |TAMS 0x0000000081200000, 0x0000000081100000| Untracked 
|  18|0x0000000081200000, 0x0000000081300000, 0x0000000081300000|100%| O|  |TAMS 0x00000000812c9200, 0x0000000081200000| Untracked 
|  19|0x0000000081300000, 0x0000000081400000, 0x0000000081400000|100%| O|  |TAMS 0x0000000081300000, 0x0000000081300000| Untracked 
|  20|0x0000000081400000, 0x0000000081500000, 0x0000000081500000|100%| O|  |TAMS 0x0000000081400000, 0x0000000081400000| Untracked 
|  21|0x0000000081500000, 0x0000000081549c00, 0x0000000081600000| 28%| O|  |TAMS 0x0000000081500000, 0x0000000081500000| Untracked 
|  22|0x0000000081600000, 0x0000000081600000, 0x0000000081700000|  0%| F|  |TAMS 0x0000000081600000, 0x0000000081600000| Untracked 
|  23|0x0000000081700000, 0x0000000081700000, 0x0000000081800000|  0%| F|  |TAMS 0x0000000081700000, 0x0000000081700000| Untracked 
|  24|0x0000000081800000, 0x0000000081800000, 0x0000000081900000|  0%| F|  |TAMS 0x0000000081800000, 0x0000000081800000| Untracked 
|  25|0x0000000081900000, 0x0000000081900000, 0x0000000081a00000|  0%| F|  |TAMS 0x0000000081900000, 0x0000000081900000| Untracked 
|  26|0x0000000081a00000, 0x0000000081a00000, 0x0000000081b00000|  0%| F|  |TAMS 0x0000000081a00000, 0x0000000081a00000| Untracked 
|  27|0x0000000081b00000, 0x0000000081b00000, 0x0000000081c00000|  0%| F|  |TAMS 0x0000000081b00000, 0x0000000081b00000| Untracked 
|  28|0x0000000081c00000, 0x0000000081c00000, 0x0000000081d00000|  0%| F|  |TAMS 0x0000000081c00000, 0x0000000081c00000| Untracked 
|  29|0x0000000081d00000, 0x0000000081d00000, 0x0000000081e00000|  0%| F|  |TAMS 0x0000000081d00000, 0x0000000081d00000| Untracked 
|  30|0x0000000081e00000, 0x0000000081e00000, 0x0000000081f00000|  0%| F|  |TAMS 0x0000000081e00000, 0x0000000081e00000| Untracked 
|  31|0x0000000081f00000, 0x0000000082000000, 0x0000000082000000|100%| S|CS|TAMS 0x0000000081f00000, 0x0000000081f00000| Complete 
|  32|0x0000000082000000, 0x0000000082100000, 0x0000000082100000|100%| S|CS|TAMS 0x0000000082000000, 0x0000000082000000| Complete 
|  33|0x0000000082100000, 0x0000000082200000, 0x0000000082200000|100%| S|CS|TAMS 0x0000000082100000, 0x0000000082100000| Complete 
|  34|0x0000000082200000, 0x0000000082300000, 0x0000000082300000|100%| S|CS|TAMS 0x0000000082200000, 0x0000000082200000| Complete 
|  35|0x0000000082300000, 0x0000000082300000, 0x0000000082400000|  0%| F|  |TAMS 0x0000000082300000, 0x0000000082300000| Untracked 
|  36|0x0000000082400000, 0x0000000082400000, 0x0000000082500000|  0%| F|  |TAMS 0x0000000082400000, 0x0000000082400000| Untracked 
|  37|0x0000000082500000, 0x0000000082500000, 0x0000000082600000|  0%| F|  |TAMS 0x0000000082500000, 0x0000000082500000| Untracked 
|  38|0x0000000082600000, 0x0000000082600000, 0x0000000082700000|  0%| F|  |TAMS 0x0000000082600000, 0x0000000082600000| Untracked 
|  39|0x0000000082700000, 0x0000000082700000, 0x0000000082800000|  0%| F|  |TAMS 0x0000000082700000, 0x0000000082700000| Untracked 
|  40|0x0000000082800000, 0x0000000082800000, 0x0000000082900000|  0%| F|  |TAMS 0x0000000082800000, 0x0000000082800000| Untracked 
|  41|0x0000000082900000, 0x0000000082900000, 0x0000000082a00000|  0%| F|  |TAMS 0x0000000082900000, 0x0000000082900000| Untracked 
|  42|0x0000000082a00000, 0x0000000082a00000, 0x0000000082b00000|  0%| F|  |TAMS 0x0000000082a00000, 0x0000000082a00000| Untracked 
|  43|0x0000000082b00000, 0x0000000082b00000, 0x0000000082c00000|  0%| F|  |TAMS 0x0000000082b00000, 0x0000000082b00000| Untracked 
|  44|0x0000000082c00000, 0x0000000082c00000, 0x0000000082d00000|  0%| F|  |TAMS 0x0000000082c00000, 0x0000000082c00000| Untracked 
|  45|0x0000000082d00000, 0x0000000082d00000, 0x0000000082e00000|  0%| F|  |TAMS 0x0000000082d00000, 0x0000000082d00000| Untracked 
|  46|0x0000000082e00000, 0x0000000082e00000, 0x0000000082f00000|  0%| F|  |TAMS 0x0000000082e00000, 0x0000000082e00000| Untracked 
|  47|0x0000000082f00000, 0x0000000082f00000, 0x0000000083000000|  0%| F|  |TAMS 0x0000000082f00000, 0x0000000082f00000| Untracked 
|  48|0x0000000083000000, 0x0000000083000000, 0x0000000083100000|  0%| F|  |TAMS 0x0000000083000000, 0x0000000083000000| Untracked 
|  49|0x0000000083100000, 0x0000000083100000, 0x0000000083200000|  0%| F|  |TAMS 0x0000000083100000, 0x0000000083100000| Untracked 
|  50|0x0000000083200000, 0x0000000083200000, 0x0000000083300000|  0%| F|  |TAMS 0x0000000083200000, 0x0000000083200000| Untracked 
|  51|0x0000000083300000, 0x0000000083300000, 0x0000000083400000|  0%| F|  |TAMS 0x0000000083300000, 0x0000000083300000| Untracked 
|  52|0x0000000083400000, 0x0000000083400000, 0x0000000083500000|  0%| F|  |TAMS 0x0000000083400000, 0x0000000083400000| Untracked 
|  53|0x0000000083500000, 0x0000000083500000, 0x0000000083600000|  0%| F|  |TAMS 0x0000000083500000, 0x0000000083500000| Untracked 
|  54|0x0000000083600000, 0x0000000083600000, 0x0000000083700000|  0%| F|  |TAMS 0x0000000083600000, 0x0000000083600000| Untracked 
|  55|0x0000000083700000, 0x0000000083700000, 0x0000000083800000|  0%| F|  |TAMS 0x0000000083700000, 0x0000000083700000| Untracked 
|  56|0x0000000083800000, 0x0000000083800000, 0x0000000083900000|  0%| F|  |TAMS 0x0000000083800000, 0x0000000083800000| Untracked 
|  57|0x0000000083900000, 0x0000000083900000, 0x0000000083a00000|  0%| F|  |TAMS 0x0000000083900000, 0x0000000083900000| Untracked 
|  58|0x0000000083a00000, 0x0000000083ab8898, 0x0000000083b00000| 72%| E|  |TAMS 0x0000000083a00000, 0x0000000083a00000| Complete 
|  59|0x0000000083b00000, 0x0000000083c00000, 0x0000000083c00000|100%| E|CS|TAMS 0x0000000083b00000, 0x0000000083b00000| Complete 

Card table byte_map: [0x0000022d99dd0000,0x0000022d9a1d0000] _byte_map_base: 0x0000022d999d0000

Marking Bits (Prev, Next): (CMBitMap*) 0x0000022d807d26a8, (CMBitMap*) 0x0000022d807d26e0
 Prev Bits: [0x0000022d9a5d0000, 0x0000022d9c5d0000)
 Next Bits: [0x0000022d9c5d0000, 0x0000022d9e5d0000)

Polling page: 0x0000022d80870000

Metaspace:

Usage:
  Non-class:     31.96 MB capacity,    31.45 MB ( 98%) used,   438.30 KB (  1%) free+waste,    79.44 KB ( <1%) overhead. 
      Class:      4.90 MB capacity,     4.59 MB ( 94%) used,   275.65 KB (  5%) free+waste,    38.25 KB ( <1%) overhead. 
       Both:     36.86 MB capacity,    36.04 MB ( 98%) used,   713.95 KB (  2%) free+waste,   117.69 KB ( <1%) overhead. 

Virtual space:
  Non-class space:       34.00 MB reserved,      32.12 MB ( 94%) committed 
      Class space:      504.00 MB reserved,       5.00 MB ( <1%) committed 
             Both:      538.00 MB reserved,      37.12 MB (  7%) committed 

Chunk freelists:
   Non-Class:  5.13 KB
       Class:  768 bytes
        Both:  5.88 KB

CodeHeap 'non-profiled nmethods': size=120064Kb used=1481Kb max_used=1481Kb free=118582Kb
 bounds [0x0000022d91e70000, 0x0000022d920e0000, 0x0000022d993b0000]
CodeHeap 'profiled nmethods': size=120000Kb used=6424Kb max_used=6424Kb free=113575Kb
 bounds [0x0000022d8a940000, 0x0000022d8af90000, 0x0000022d91e70000]
CodeHeap 'non-nmethods': size=5696Kb used=1528Kb max_used=1564Kb free=4167Kb
 bounds [0x0000022d8a3b0000, 0x0000022d8a620000, 0x0000022d8a940000]
 total_blobs=4735 nmethods=3024 adapters=532
 compilation: enabled
              stopped_count=0, restarted_count=0
 full_count=0

Compilation events (10 events):
Event: 96.014 Thread 0x0000022da141d000 nmethod 3268 0x0000022d91fe0b10 code [0x0000022d91fe0ca0, 0x0000022d91fe0f38]
Event: 96.014 Thread 0x0000022da141d000 3271       4       java.util.ArrayList::<init> (61 bytes)
Event: 96.018 Thread 0x0000022da141d000 nmethod 3271 0x0000022d91fe1190 code [0x0000022d91fe1320, 0x0000022d91fe1618]
Event: 96.018 Thread 0x0000022da141d000 3269       4       java.util.Spliterators$1Adapter::accept (11 bytes)
Event: 96.019 Thread 0x0000022da141d000 nmethod 3269 0x0000022d91fe1710 code [0x0000022d91fe18a0, 0x0000022d91fe19d8]
Event: 96.019 Thread 0x0000022da141d000 3272       4       java.util.StringJoiner::add (104 bytes)
Event: 96.022 Thread 0x0000022da141f800 3274       1       java.util.ArrayList$ArrayListSpliterator::characteristics (4 bytes)
Event: 96.022 Thread 0x0000022da141f800 nmethod 3274 0x0000022d91fe1a90 code [0x0000022d91fe1c20, 0x0000022d91fe1d38]
Event: 96.023 Thread 0x0000022da141d000 nmethod 3272 0x0000022d91fe1d90 code [0x0000022d91fe1f20, 0x0000022d91fe22d8]
Event: 96.023 Thread 0x0000022da141d000 3275       4       java.util.regex.Pattern::compile (498 bytes)

GC Heap History (10 events):
Event: 82.486 GC heap before
{Heap before GC invocations=8 (full 0):
 garbage-first heap   total 61440K, used 43688K [0x0000000080000000, 0x0000000100000000)
  region size 1024K, 27 young (27648K), 2 survivors (2048K)
 Metaspace       used 26006K, capacity 26586K, committed 26800K, reserved 540672K
  class space    used 3326K, capacity 3552K, committed 3584K, reserved 516096K
}
Event: 82.495 GC heap after
{Heap after GC invocations=9 (full 0):
 garbage-first heap   total 61440K, used 19325K [0x0000000080000000, 0x0000000100000000)
  region size 1024K, 3 young (3072K), 3 survivors (3072K)
 Metaspace       used 26006K, capacity 26586K, committed 26800K, reserved 540672K
  class space    used 3326K, capacity 3552K, committed 3584K, reserved 516096K
}
Event: 83.908 GC heap before
{Heap before GC invocations=9 (full 0):
 garbage-first heap   total 61440K, used 44925K [0x0000000080000000, 0x0000000100000000)
  region size 1024K, 28 young (28672K), 3 survivors (3072K)
 Metaspace       used 28317K, capacity 28931K, committed 28976K, reserved 542720K
  class space    used 3693K, capacity 3958K, committed 3968K, reserved 516096K
}
Event: 83.914 GC heap after
{Heap after GC invocations=10 (full 0):
 garbage-first heap   total 61440K, used 20125K [0x0000000080000000, 0x0000000100000000)
  region size 1024K, 3 young (3072K), 3 survivors (3072K)
 Metaspace       used 28317K, capacity 28931K, committed 28976K, reserved 542720K
  class space    used 3693K, capacity 3958K, committed 3968K, reserved 516096K
}
Event: 90.910 GC heap before
{Heap before GC invocations=10 (full 0):
 garbage-first heap   total 61440K, used 45725K [0x0000000080000000, 0x0000000100000000)
  region size 1024K, 28 young (28672K), 3 survivors (3072K)
 Metaspace       used 31222K, capacity 31913K, committed 32048K, reserved 544768K
  class space    used 4125K, capacity 4376K, committed 4480K, reserved 516096K
}
Event: 90.932 GC heap after
{Heap after GC invocations=11 (full 0):
 garbage-first heap   total 61440K, used 20894K [0x0000000080000000, 0x0000000100000000)
  region size 1024K, 2 young (2048K), 2 survivors (2048K)
 Metaspace       used 31222K, capacity 31913K, committed 32048K, reserved 544768K
  class space    used 4125K, capacity 4376K, committed 4480K, reserved 516096K
}
Event: 93.809 GC heap before
{Heap before GC invocations=11 (full 0):
 garbage-first heap   total 61440K, used 30110K [0x0000000080000000, 0x0000000100000000)
  region size 1024K, 12 young (12288K), 2 survivors (2048K)
 Metaspace       used 34804K, capacity 35598K, committed 35708K, reserved 548864K
  class space    used 4464K, capacity 4774K, committed 4864K, reserved 516096K
}
Event: 93.822 GC heap after
{Heap after GC invocations=12 (full 0):
 garbage-first heap   total 61440K, used 22561K [0x0000000080000000, 0x0000000100000000)
  region size 1024K, 4 young (4096K), 4 survivors (4096K)
 Metaspace       used 34804K, capacity 35598K, committed 35708K, reserved 548864K
  class space    used 4464K, capacity 4774K, committed 4864K, reserved 516096K
}
Event: 96.027 GC heap before
{Heap before GC invocations=13 (full 0):
 garbage-first heap   total 61440K, used 43041K [0x0000000080000000, 0x0000000100000000)
  region size 1024K, 25 young (25600K), 4 survivors (4096K)
 Metaspace       used 36909K, capacity 37741K, committed 38012K, reserved 550912K
  class space    used 4704K, capacity 5018K, committed 5120K, reserved 516096K
}
Event: 96.044 GC heap after
{Heap after GC invocations=14 (full 0):
 garbage-first heap   total 61440K, used 25895K [0x0000000080000000, 0x0000000100000000)
  region size 1024K, 4 young (4096K), 4 survivors (4096K)
 Metaspace       used 36909K, capacity 37741K, committed 38012K, reserved 550912K
  class space    used 4704K, capacity 5018K, committed 5120K, reserved 516096K
}

Deoptimization events (10 events):
Event: 93.376 Thread 0x0000022da2460800 Uncommon trap: reason=class_check action=maybe_recompile pc=0x0000022d91fb1178 method=java.util.stream.ReferencePipeline.forEachWithCancel(Ljava/util/Spliterator;Ljava/util/stream/Sink;)Z @ 1 c2
Event: 93.429 Thread 0x0000022da237c000 Uncommon trap: reason=unstable_if action=reinterpret pc=0x0000022d91f40fc8 method=jdk.internal.loader.BuiltinClassLoader.loadClassOrNull(Ljava/lang/String;Z)Ljava/lang/Class; @ 42 c2
Event: 94.275 Thread 0x0000022da2460800 Uncommon trap: reason=class_check action=maybe_recompile pc=0x0000022d91fb1178 method=java.util.stream.ReferencePipeline.forEachWithCancel(Ljava/util/Spliterator;Ljava/util/stream/Sink;)Z @ 1 c2
Event: 94.651 Thread 0x0000022da237c000 Uncommon trap: reason=unstable_if action=reinterpret pc=0x0000022d91f999b0 method=jdk.internal.org.objectweb.asm.Type.getArgumentsAndReturnSizes(Ljava/lang/String;)I @ 136 c2
Event: 94.927 Thread 0x0000022da237c000 Uncommon trap: reason=speculate_null_assert action=make_not_entrant pc=0x0000022d91f04bbc method=jdk.internal.loader.URLClassPath$JarLoader.getResource(Ljava/lang/String;ZLjava/util/Set;)Ljdk/internal/loader/Resource; @ 17 c2
Event: 95.005 Thread 0x0000022da237c000 Uncommon trap: reason=profile_predicate action=maybe_recompile pc=0x0000022d91fbc094 method=java.util.AbstractCollection.addAll(Ljava/util/Collection;)Z @ 15 c2
Event: 95.259 Thread 0x0000022da237c000 Uncommon trap: reason=unstable_if action=reinterpret pc=0x0000022d91eee388 method=sun.nio.fs.WindowsPathParser.isSlash(C)Z @ 9 c2
Event: 95.259 Thread 0x0000022da237c000 Uncommon trap: reason=unstable_if action=reinterpret pc=0x0000022d91e87d5c method=sun.nio.fs.WindowsPathParser.isSlash(C)Z @ 9 c2
Event: 95.275 Thread 0x0000022da2460800 Uncommon trap: reason=class_check action=maybe_recompile pc=0x0000022d91fb1178 method=java.util.stream.ReferencePipeline.forEachWithCancel(Ljava/util/Spliterator;Ljava/util/stream/Sink;)Z @ 1 c2
Event: 95.302 Thread 0x0000022da237c000 Uncommon trap: reason=bimorphic_or_optimized_type_check action=maybe_recompile pc=0x0000022d91f8b3ec method=java.net.URL.<init>(Ljava/net/URL;Ljava/lang/String;Ljava/net/URLStreamHandler;)V @ 504 c2

Classes redefined (0 events):
No events

Internal exceptions (10 events):
Event: 94.657 Thread 0x0000022da237c000 Exception <a 'java/lang/NoSuchMethodError'{0x00000000839229e0}: java.lang.invoke.DirectMethodHandle$Holder.invokeStatic(Ljava/lang/Object;Ljava/lang/Object;Ljava/lang/Object;Ljava/lang/Object;Ljava/lang/Object;Ljava/lang/Object;Ljava/lang/Object;Ljava/lan
Event: 94.771 Thread 0x0000022da237c000 Exception <a 'java/lang/NoSuchMethodError'{0x0000000083941378}: java.lang.invoke.DirectMethodHandle$Holder.invokeStatic(Ljava/lang/Object;Ljava/lang/Object;Ljava/lang/Object;Ljava/lang/Object;Ljava/lang/Object;Ljava/lang/Object;Ljava/lang/Object;Ljava/lan
Event: 94.849 Thread 0x0000022da237c000 Exception <a 'java/lang/NoSuchMethodError'{0x0000000083960ba0}: java.lang.invoke.DirectMethodHandle$Holder.invokeStatic(Ljava/lang/Object;Ljava/lang/Object;Ljava/lang/Object;Ljava/lang/Object;Ljava/lang/Object;Ljava/lang/Object;Ljava/lang/Object;Ljava/lan
Event: 94.917 Thread 0x0000022da237c000 Exception <a 'java/lang/NoSuchMethodError'{0x0000000083981fd8}: java.lang.invoke.DirectMethodHandle$Holder.invokeStatic(Ljava/lang/Object;Ljava/lang/Object;Ljava/lang/Object;Ljava/lang/Object;Ljava/lang/Object;Ljava/lang/Object;Ljava/lang/Object;Ljava/lan
Event: 94.932 Thread 0x0000022da237c000 Exception <a 'java/lang/ClassNotFoundException'{0x00000000839b1550}: groovy/lang/ExpandoMetaClassBeanInfo> (0x00000000839b1550) thrown at [./open/src/hotspot/share/classfile/systemDictionary.cpp, line 228]
Event: 94.936 Thread 0x0000022da237c000 Exception <a 'java/lang/ClassNotFoundException'{0x00000000839d1198}: groovy/lang/MetaClassImplBeanInfo> (0x00000000839d1198) thrown at [./open/src/hotspot/share/classfile/systemDictionary.cpp, line 228]
Event: 94.936 Thread 0x0000022da237c000 Exception <a 'java/lang/ClassNotFoundException'{0x00000000839da450}: java/lang/ObjectBeanInfo> (0x00000000839da450) thrown at [./open/src/hotspot/share/classfile/systemDictionary.cpp, line 228]
Event: 94.938 Thread 0x0000022da237c000 Exception <a 'java/lang/ClassNotFoundException'{0x00000000839e5b48}: java/lang/ObjectCustomizer> (0x00000000839e5b48) thrown at [./open/src/hotspot/share/classfile/systemDictionary.cpp, line 228]
Event: 94.992 Thread 0x0000022da237c000 Exception <a 'java/lang/ClassNotFoundException'{0x000000008380ca40}: groovy/lang/MetaClassImplCustomizer> (0x000000008380ca40) thrown at [./open/src/hotspot/share/classfile/systemDictionary.cpp, line 228]
Event: 94.998 Thread 0x0000022da237c000 Exception <a 'java/lang/ClassNotFoundException'{0x000000008384aea0}: groovy/lang/ExpandoMetaClassCustomizer> (0x000000008384aea0) thrown at [./open/src/hotspot/share/classfile/systemDictionary.cpp, line 228]

Events (10 events):
Event: 95.633 loading class jdk/internal/jrtfs/JrtDirectoryStream
Event: 95.689 loading class jdk/internal/jrtfs/JrtDirectoryStream done
Event: 95.691 loading class jdk/internal/jrtfs/JrtDirectoryStream$1
Event: 95.692 loading class jdk/internal/jrtfs/JrtDirectoryStream$1 done
Event: 95.693 loading class java/util/function/BooleanSupplier
Event: 95.693 loading class java/util/function/BooleanSupplier done
Event: 95.694 loading class jdk/internal/jimage/ImageReader$Resource
Event: 95.694 loading class jdk/internal/jimage/ImageReader$Resource done
Event: 96.027 Executing VM operation: G1CollectForAllocation
Event: 96.044 Executing VM operation: G1CollectForAllocation done


Dynamic libraries:
0x00007ff6e51f0000 - 0x00007ff6e5237000 	C:\Program Files\Java\jdk-11.0.7\bin\java.exe
0x00007ffe98f20000 - 0x00007ffe99129000 	C:\WINDOWS\SYSTEM32\ntdll.dll
0x00007ffe756d0000 - 0x00007ffe756e7000 	C:\Program Files\Avast Software\Avast\aswhook.dll
0x00007ffe97d00000 - 0x00007ffe97dbd000 	C:\WINDOWS\System32\KERNEL32.DLL
0x00007ffe963f0000 - 0x00007ffe9676b000 	C:\WINDOWS\System32\KERNELBASE.dll
0x00007ffe972f0000 - 0x00007ffe9739e000 	C:\WINDOWS\System32\ADVAPI32.dll
0x00007ffe98690000 - 0x00007ffe98733000 	C:\WINDOWS\System32\msvcrt.dll
0x00007ffe973a0000 - 0x00007ffe9743e000 	C:\WINDOWS\System32\sechost.dll
0x00007ffe97040000 - 0x00007ffe97160000 	C:\WINDOWS\System32\RPCRT4.dll
0x00007ffe98bb0000 - 0x00007ffe98d5d000 	C:\WINDOWS\System32\USER32.dll
0x00007ffe96770000 - 0x00007ffe96796000 	C:\WINDOWS\System32\win32u.dll
0x00007ffe97ab0000 - 0x00007ffe97ad9000 	C:\WINDOWS\System32\GDI32.dll
0x00007ffe96980000 - 0x00007ffe96a98000 	C:\WINDOWS\System32\gdi32full.dll
0x00007ffe96bc0000 - 0x00007ffe96c5d000 	C:\WINDOWS\System32\msvcp_win.dll
0x00007ffe96aa0000 - 0x00007ffe96bb1000 	C:\WINDOWS\System32\ucrtbase.dll
0x00007ffe7d7b0000 - 0x00007ffe7da55000 	C:\WINDOWS\WinSxS\amd64_microsoft.windows.common-controls_6595b64144ccf1df_6.0.22000.120_none_9d947278b86cc467\COMCTL32.dll
0x00007ffe8ff40000 - 0x00007ffe8ff4a000 	C:\WINDOWS\SYSTEM32\VERSION.dll
0x00007ffe98640000 - 0x00007ffe98671000 	C:\WINDOWS\System32\IMM32.DLL
0x00007ffe85cf0000 - 0x00007ffe85d06000 	C:\Program Files\Java\jdk-11.0.7\bin\vcruntime140.dll
0x00007ffe25a20000 - 0x00007ffe25aca000 	C:\Program Files\Java\jdk-11.0.7\bin\msvcp140.dll
0x00007ffdf0ee0000 - 0x00007ffdf1a41000 	C:\Program Files\Java\jdk-11.0.7\bin\server\jvm.dll
0x00007ffe97160000 - 0x00007ffe97168000 	C:\WINDOWS\System32\PSAPI.DLL
0x00007ffe8eb30000 - 0x00007ffe8eb39000 	C:\WINDOWS\SYSTEM32\WSOCK32.dll
0x00007ffe979c0000 - 0x00007ffe97a2f000 	C:\WINDOWS\System32\WS2_32.dll
0x00007ffe8ff00000 - 0x00007ffe8ff33000 	C:\WINDOWS\SYSTEM32\WINMM.dll
0x00007ffe95430000 - 0x00007ffe95448000 	C:\WINDOWS\SYSTEM32\kernel.appcore.dll
0x00007ffe85cd0000 - 0x00007ffe85ce1000 	C:\Program Files\Java\jdk-11.0.7\bin\verify.dll
0x00007ffe93ee0000 - 0x00007ffe94101000 	C:\WINDOWS\SYSTEM32\DBGHELP.DLL
0x00007ffe8c3b0000 - 0x00007ffe8c3e1000 	C:\WINDOWS\SYSTEM32\dbgcore.DLL
0x00007ffe96d20000 - 0x00007ffe96d9f000 	C:\WINDOWS\System32\bcryptPrimitives.dll
0x00007ffe7c280000 - 0x00007ffe7c2a9000 	C:\Program Files\Java\jdk-11.0.7\bin\java.dll
0x00007ffe85c50000 - 0x00007ffe85c5a000 	C:\Program Files\Java\jdk-11.0.7\bin\jimage.dll
0x00007ffe7dde0000 - 0x00007ffe7ddf6000 	C:\Program Files\Java\jdk-11.0.7\bin\zip.dll
0x00007ffe97dc0000 - 0x00007ffe98578000 	C:\WINDOWS\System32\SHELL32.dll
0x00007ffe944a0000 - 0x00007ffe94d05000 	C:\WINDOWS\SYSTEM32\windows.storage.dll
0x00007ffe97550000 - 0x00007ffe978c7000 	C:\WINDOWS\System32\combase.dll
0x00007ffe94330000 - 0x00007ffe94496000 	C:\WINDOWS\SYSTEM32\wintypes.dll
0x00007ffe98d60000 - 0x00007ffe98e4a000 	C:\WINDOWS\System32\SHCORE.dll
0x00007ffe98580000 - 0x00007ffe985dd000 	C:\WINDOWS\System32\shlwapi.dll
0x00007ffe96320000 - 0x00007ffe96341000 	C:\WINDOWS\SYSTEM32\profapi.dll
0x00007ffe7c260000 - 0x00007ffe7c279000 	C:\Program Files\Java\jdk-11.0.7\bin\net.dll
0x00007ffe8fdb0000 - 0x00007ffe8febc000 	C:\WINDOWS\SYSTEM32\WINHTTP.dll
0x00007ffe958d0000 - 0x00007ffe95937000 	C:\WINDOWS\system32\mswsock.dll
0x00007ffe7bb30000 - 0x00007ffe7bb43000 	C:\Program Files\Java\jdk-11.0.7\bin\nio.dll
0x00007ffe6bfc0000 - 0x00007ffe6bfe7000 	C:\Users\User\.gradle\native\e1d6ef7f7dcc3fd88c89a11ec53ec762bb8ba0a96d01ffa2cd45eb1d1d8dd5c5\windows-amd64\native-platform.dll
0x00007ffe11670000 - 0x00007ffe117b4000 	C:\Users\User\.gradle\native\5664cfc778a61ccfe75a443a1ab52a65af34e5dc3c78e0209fed803814484fcb\windows-amd64\native-platform-file-events.dll
0x00007ffe83640000 - 0x00007ffe83649000 	C:\Program Files\Java\jdk-11.0.7\bin\management.dll
0x00007ffe83520000 - 0x00007ffe8352c000 	C:\Program Files\Java\jdk-11.0.7\bin\management_ext.dll
0x00007ffe95b30000 - 0x00007ffe95b48000 	C:\WINDOWS\SYSTEM32\CRYPTSP.dll
0x00007ffe95390000 - 0x00007ffe953c5000 	C:\WINDOWS\system32\rsaenh.dll
0x00007ffe959e0000 - 0x00007ffe95a09000 	C:\WINDOWS\SYSTEM32\USERENV.dll
0x00007ffe95cd0000 - 0x00007ffe95cf7000 	C:\WINDOWS\SYSTEM32\bcrypt.dll
0x00007ffe960b0000 - 0x00007ffe960bc000 	C:\WINDOWS\SYSTEM32\CRYPTBASE.dll
0x00007ffe94f60000 - 0x00007ffe94f8d000 	C:\WINDOWS\SYSTEM32\IPHLPAPI.DLL
0x00007ffe97540000 - 0x00007ffe97549000 	C:\WINDOWS\System32\NSI.dll
0x00007ffe8fee0000 - 0x00007ffe8fef9000 	C:\WINDOWS\SYSTEM32\dhcpcsvc6.DLL
0x00007ffe90360000 - 0x00007ffe9037e000 	C:\WINDOWS\SYSTEM32\dhcpcsvc.DLL
0x00007ffe94fd0000 - 0x00007ffe950b8000 	C:\WINDOWS\SYSTEM32\DNSAPI.dll

dbghelp: loaded successfully - version: 4.0.5 - missing functions: none
symbol engine: initialized successfully - sym options: 0x614 - pdb path: .;C:\Program Files\Java\jdk-11.0.7\bin;C:\WINDOWS\SYSTEM32;C:\Program Files\Avast Software\Avast;C:\WINDOWS\WinSxS\amd64_microsoft.windows.common-controls_6595b64144ccf1df_6.0.22000.120_none_9d947278b86cc467;C:\Program Files\Java\jdk-11.0.7\bin\server;C:\Users\User\.gradle\native\e1d6ef7f7dcc3fd88c89a11ec53ec762bb8ba0a96d01ffa2cd45eb1d1d8dd5c5\windows-amd64;C:\Users\User\.gradle\native\5664cfc778a61ccfe75a443a1ab52a65af34e5dc3c78e0209fed803814484fcb\windows-amd64

VM Arguments:
jvm_args: -XX:MaxMetaspaceSize=512m --add-opens=java.base/java.util=ALL-UNNAMED --add-opens=java.base/java.lang=ALL-UNNAMED --add-opens=java.base/java.lang.invoke=ALL-UNNAMED --add-opens=java.base/java.util=ALL-UNNAMED --add-opens=java.prefs/java.util.prefs=ALL-UNNAMED --add-opens=java.prefs/java.util.prefs=ALL-UNNAMED --add-opens=java.base/java.nio.charset=ALL-UNNAMED --add-opens=java.base/java.net=ALL-UNNAMED --add-opens=java.base/java.util.concurrent.atomic=ALL-UNNAMED -Xmx2048m -Dfile.encoding=windows-1252 -Duser.country=US -Duser.language=en -Duser.variant 
java_command: org.gradle.launcher.daemon.bootstrap.GradleDaemon 7.3.3
java_class_path (initial): C:\Users\User\.gradle\wrapper\dists\gradle-7.3.3-all\4295vidhdd9hd3gbjyw1xqxpo\gradle-7.3.3\lib\gradle-launcher-7.3.3.jar
Launcher Type: SUN_STANDARD

[Global flags]
     intx CICompilerCount                          = 3                                         {product} {ergonomic}
   size_t CompressedClassSpaceSize                 = 528482304                                 {product} {ergonomic}
     uint ConcGCThreads                            = 1                                         {product} {ergonomic}
     uint G1ConcRefinementThreads                  = 4                                         {product} {ergonomic}
   size_t G1HeapRegionSize                         = 1048576                                   {product} {ergonomic}
    uintx GCDrainStackTargetSize                   = 64                                        {product} {ergonomic}
   size_t InitialHeapSize                          = 62914560                                  {product} {ergonomic}
   size_t MarkStackSize                            = 4194304                                   {product} {ergonomic}
   size_t MaxHeapSize                              = 2147483648                                {product} {command line}
   size_t MaxMetaspaceSize                         = 536870912                                 {product} {command line}
   size_t MaxNewSize                               = 1287651328                                {product} {ergonomic}
   size_t MinHeapDeltaBytes                        = 1048576                                   {product} {ergonomic}
    uintx NonNMethodCodeHeapSize                   = 5830732                                {pd product} {ergonomic}
    uintx NonProfiledCodeHeapSize                  = 122913754                              {pd product} {ergonomic}
    uintx ProfiledCodeHeapSize                     = 122913754                              {pd product} {ergonomic}
    uintx ReservedCodeCacheSize                    = 251658240                              {pd product} {ergonomic}
     bool SegmentedCodeCache                       = true                                      {product} {ergonomic}
     bool UseCompressedClassPointers               = true                                 {lp64_product} {ergonomic}
     bool UseCompressedOops                        = true                                 {lp64_product} {ergonomic}
     bool UseG1GC                                  = true                                      {product} {ergonomic}
     bool UseLargePagesIndividualAllocation        = false                                  {pd product} {ergonomic}

Logging:
Log output configuration:
 #0: stdout all=warning uptime,level,tags
 #1: stderr all=off uptime,level,tags

Environment Variables:
CLASSPATH=D:\mobile\AppReactNative\android\\gradle\wrapper\gradle-wrapper.jar
PATH=D:\mobile\AppReactNative\android\node_modules\.bin;D:\mobile\AppReactNative\node_modules\.bin;D:\mobile\node_modules\.bin;D:\node_modules\.bin;C:\Program Files\nodejs;D:\mobile\AppReactNative\node_modules\.bin;D:\mobile\node_modules\.bin;D:\node_modules\.bin;C:\Program Files\nodejs\node_modules\npm\node_modules\@npmcli\run-script\lib\node-gyp-bin;C:\Program Files (x86)\VMware\VMware Workstation\bin\;C:\WINDOWS\system32;C:\WINDOWS;C:\WINDOWS\System32\Wbem;C:\WINDOWS\System32\WindowsPowerShell\v1.0\;C:\WINDOWS\System32\OpenSSH\;C:\Program Files\PuTTY\;C:\Program Files\Git\cmd;C:\Program Files\Microsoft SQL Server\120\Tools\Binn\;C:\Program Files\Microsoft SQL Server\Client SDK\ODBC\110\Tools\Binn\;C:\Program Files (x86)\Microsoft SQL Server\120\Tools\Binn\;C:\Program Files\Microsoft SQL Server\120\DTS\Binn\;C:\wamp64\bin\php\php5.6.40;C:\ProgramData\ComposerSetup\bin;C:\Program Files\nodejs\;C:\Program Files\Docker\Docker\resources\bin;C:\ProgramData\DockerDesktop\version-bin;C:\Program Files\Java\jdk-11.0.7\bin;C:\Users\User\AppData\Local\Microsoft\WindowsApps;C:\Users\User\AppData\Local\Programs\Microsoft VS Code\bin;C:\Users\User\AppData\Roaming\Composer\vendor\bin;C:\Users\User\AppData\Roaming\npm;C:\Program Files\heroku\bin;C:\Users\User\AppData\Local\Android\Sdk\platform-tools;C:\Users\User\AppData\Local\Android\Sdk\tools;;D:\mobile\AppReactNative\node_modules\.bin
USERNAME=User
OS=Windows_NT
PROCESSOR_IDENTIFIER=Intel64 Family 6 Model 126 Stepping 5, GenuineIntel



---------------  S Y S T E M  ---------------

OS: Windows 10 , 64 bit Build 22000 (10.0.22000.708)

CPU:total 4 (initial active 4) (2 cores per cpu, 2 threads per core) family 6 model 126 stepping 5, cmov, cx8, fxsr, mmx, sse, sse2, sse3, ssse3, sse4.1, sse4.2, popcnt, avx, avx2, aes, clmul, erms, 3dnowpref, lzcnt, ht, tsc, tscinvbit, bmi1, bmi2, adx, evex, sha, fma

Memory: 4k page, system-wide physical 3834M (63M free)
TotalPageFile size 15610M (AvailPageFile size 5M)
current process WorkingSet (physical memory assigned to process): 120M, peak: 125M
current process commit charge ("private bytes"): 212M, peak: 213M

vm_info: Java HotSpot(TM) 64-Bit Server VM (11.0.7+8-LTS) for windows-amd64 JRE (11.0.7+8-LTS), built on Mar 12 2020 02:04:32 by "mach5one" with MS VC++ 15.5 (VS2017)

END.
